Using pre-set license
Built from '2020.2/release' branch; Version is '2020.2.2f1 (068178b99f32) revision 426360'; Using compiler version '192528614'; Build Type 'Release'
OS: 'Windows 10 Pro; OS build 19041.1415; Version 2004; 64bit' Language: 'en' Physical Memory: 32681 MB
BatchMode: 1, IsHumanControllingUs: 0, StartBugReporterOnCrash: 0, Is64bit: 1, IsPro: 0

 COMMAND LINE ARGUMENTS:
H:\Software\2020.2.2f1\Editor\Unity.exe
-adb2
-batchMode
-noUpm
-name
AssetImportWorker0
-projectPath
F:/Unity Projects/DetectiveGameProto
-logFile
Logs/AssetImportWorker0.log
-srvPort
59331
Successfully changed project path to: F:/Unity Projects/DetectiveGameProto
F:/Unity Projects/DetectiveGameProto
Using Asset Import Pipeline V2.
Refreshing native plugins compatible for Editor in 19.16 ms, found 0 plugins.
Preloading 0 native plugins for Editor in 0.00 ms.
Initialize engine version: 2020.2.2f1 (068178b99f32)
[Subsystems] Discovering subsystems at path H:/Software/2020.2.2f1/Editor/Data/Resources/UnitySubsystems
[Subsystems] Discovering subsystems at path F:/Unity Projects/DetectiveGameProto/Assets
GfxDevice: creating device client; threaded=0
Direct3D:
    Version:  Direct3D 11.0 [level 11.1]
    Renderer: NVIDIA GeForce RTX 3090 (ID=0x2204)
    Vendor:   
    VRAM:     24348 MB
    Driver:   30.0.14.7196
Initialize mono
Mono path[0] = 'H:/Software/2020.2.2f1/Editor/Data/Managed'
Mono path[1] = 'H:/Software/2020.2.2f1/Editor/Data/MonoBleedingEdge/lib/mono/unityjit'
Mono config path = 'H:/Software/2020.2.2f1/Editor/Data/MonoBleedingEdge/etc'
Using monoOptions --debugger-agent=transport=dt_socket,embedding=1,server=y,suspend=n,address=127.0.0.1:56624
Begin MonoManager ReloadAssembly
Registering precompiled unity dll's ...
Register platform support module: H:/Software/2020.2.2f1/Editor/Data/PlaybackEngines/WindowsStandaloneSupport/UnityEditor.WindowsStandalone.Extensions.dll
Registered in 0.000853 seconds.
Native extension for WindowsStandalone target not found
Refreshing native plugins compatible for Editor in 19.81 ms, found 0 plugins.
Preloading 0 native plugins for Editor in 0.00 ms.
Invoked RoslynAnalysisRunner static constructor.
RoslynAnalysisRunner will not be running.
RoslynAnalysisRunner has terminated.
Mono: successfully reloaded assembly
- Completed reload, in  0.790 seconds
Platform modules already initialized, skipping
Registering precompiled user dll's ...
Registered in 0.000462 seconds.
Begin MonoManager ReloadAssembly
Native extension for WindowsStandalone target not found
Refreshing native plugins compatible for Editor in 0.19 ms, found 0 plugins.
Preloading 0 native plugins for Editor in 0.00 ms.
Invoked RoslynAnalysisRunner static constructor.
RoslynAnalysisRunner will not be running.
RoslynAnalysisRunner has terminated.
Mono: successfully reloaded assembly
- Completed reload, in  0.621 seconds
Platform modules already initialized, skipping
========================================================================
Worker process is ready to serve import requests
Launched and connected shader compiler UnityShaderCompiler.exe after 0.03 seconds
Refreshing native plugins compatible for Editor in 0.19 ms, found 0 plugins.
Preloading 0 native plugins for Editor in 0.00 ms.
Unloading 1102 Unused Serialized files (Serialized files now loaded: 0)
System memory in use before: 76.0 MB.
System memory in use after: 76.0 MB.

Unloading 9 unused Assets to reduce memory usage. Loaded Objects now: 1566.
Total: 1.679600 ms (FindLiveObjects: 0.133100 ms CreateObjectMapping: 0.024700 ms MarkObjects: 1.436800 ms  DeleteObjects: 0.084000 ms)

========================================================================
Received Import Request.
  path: Assets/Scripts/NewBehaviourScript.cs
  artifactKey: Guid(22638f24069ac144097793b3a51c2df0) Importer(815301076,1909f56bfc062723c751e8b465ee728b)
Start importing Assets/Scripts/NewBehaviourScript.cs using Guid(22638f24069ac144097793b3a51c2df0) Importer(815301076,1909f56bfc062723c751e8b465ee728b)  -> (artifact id: 'e67b2a456f3b81f7ecc2f5577dea0af2') in 0.047707 seconds
  Import took 0.049325 seconds .

========================================================================
Received Prepare
Registering precompiled user dll's ...
Registered in 0.000337 seconds.
Begin MonoManager ReloadAssembly
Native extension for WindowsStandalone target not found
Refreshing native plugins compatible for Editor in 0.20 ms, found 0 plugins.
Preloading 0 native plugins for Editor in 0.00 ms.
Invoked RoslynAnalysisRunner static constructor.
RoslynAnalysisRunner will not be running.
RoslynAnalysisRunner has terminated.
Mono: successfully reloaded assembly
- Completed reload, in  0.571 seconds
Platform modules already initialized, skipping
Refreshing native plugins compatible for Editor in 0.20 ms, found 0 plugins.
Preloading 0 native plugins for Editor in 0.00 ms.
Unloading 1096 Unused Serialized files (Serialized files now loaded: 0)
System memory in use before: 76.3 MB.
System memory in use after: 76.4 MB.

Unloading 6 unused Assets to reduce memory usage. Loaded Objects now: 1567.
Total: 1.774400 ms (FindLiveObjects: 0.155400 ms CreateObjectMapping: 0.026600 ms MarkObjects: 1.517400 ms  DeleteObjects: 0.074200 ms)

========================================================================
Received Import Request.
  Time since last request: 36.492336 seconds.
  path: Assets/Scripts/Equips
  artifactKey: Guid(833cdbe62081a2f4c8a8ddaca7b3c285) Importer(815301076,1909f56bfc062723c751e8b465ee728b)
Start importing Assets/Scripts/Equips using Guid(833cdbe62081a2f4c8a8ddaca7b3c285) Importer(815301076,1909f56bfc062723c751e8b465ee728b)  -> (artifact id: '93a5b457f3ec7090da92b97949c32b3a') in 0.007203 seconds
  Import took 0.009039 seconds .

========================================================================
Received Import Request.
  Time since last request: 0.001444 seconds.
  path: Assets/Scripts/Equips
  artifactKey: Guid(833cdbe62081a2f4c8a8ddaca7b3c285) Importer(815301076,1909f56bfc062723c751e8b465ee728b)
Start importing Assets/Scripts/Equips using Guid(833cdbe62081a2f4c8a8ddaca7b3c285) Importer(815301076,1909f56bfc062723c751e8b465ee728b)  -> (artifact id: '93a5b457f3ec7090da92b97949c32b3a') in 0.002572 seconds
  Import took 0.004252 seconds .

========================================================================
Received Import Request.
  Time since last request: 6.427002 seconds.
  path: Assets/Scripts/Equips/Spells
  artifactKey: Guid(f9e0258943ef51042a047c189c580ed5) Importer(815301076,1909f56bfc062723c751e8b465ee728b)
Start importing Assets/Scripts/Equips/Spells using Guid(f9e0258943ef51042a047c189c580ed5) Importer(815301076,1909f56bfc062723c751e8b465ee728b)  -> (artifact id: 'ae75193540edb992292bc5bc01fb836c') in 0.006601 seconds
  Import took 0.008570 seconds .

========================================================================
Received Import Request.
  Time since last request: 5.134044 seconds.
  path: Assets/Scripts/Equips/Weapons
  artifactKey: Guid(c68978dbbcbbb424c8b7600958ab7e5c) Importer(815301076,1909f56bfc062723c751e8b465ee728b)
Start importing Assets/Scripts/Equips/Weapons using Guid(c68978dbbcbbb424c8b7600958ab7e5c) Importer(815301076,1909f56bfc062723c751e8b465ee728b)  -> (artifact id: '3a1b690dcaa7bd6b98aac2031ec72d30') in 0.005193 seconds
  Import took 0.007107 seconds .

========================================================================
Received Import Request.
  Time since last request: 11.135205 seconds.
  path: Assets/Scripts/Equips/Spell.cs
  artifactKey: Guid(abee66e8c58406148bab194725588f13) Importer(815301076,1909f56bfc062723c751e8b465ee728b)
Start importing Assets/Scripts/Equips/Spell.cs using Guid(abee66e8c58406148bab194725588f13) Importer(815301076,1909f56bfc062723c751e8b465ee728b)  -> (artifact id: '09d77a25f034f652ec86990efd83bd42') in 0.005022 seconds
  Import took 0.006809 seconds .

========================================================================
Received Prepare
Registering precompiled user dll's ...
Registered in 0.000350 seconds.
Begin MonoManager ReloadAssembly
Native extension for WindowsStandalone target not found
Refreshing native plugins compatible for Editor in 0.24 ms, found 0 plugins.
Preloading 0 native plugins for Editor in 0.00 ms.
Invoked RoslynAnalysisRunner static constructor.
RoslynAnalysisRunner will not be running.
RoslynAnalysisRunner has terminated.
Mono: successfully reloaded assembly
- Completed reload, in  0.571 seconds
Platform modules already initialized, skipping
Refreshing native plugins compatible for Editor in 0.20 ms, found 0 plugins.
Preloading 0 native plugins for Editor in 0.00 ms.
Unloading 1097 Unused Serialized files (Serialized files now loaded: 0)
System memory in use before: 76.6 MB.
System memory in use after: 76.7 MB.

Unloading 5 unused Assets to reduce memory usage. Loaded Objects now: 1570.
Total: 1.503400 ms (FindLiveObjects: 0.132400 ms CreateObjectMapping: 0.023000 ms MarkObjects: 1.277800 ms  DeleteObjects: 0.069500 ms)

========================================================================
Received Import Request.
  Time since last request: 6.151109 seconds.
  path: Assets/Scripts/Equips/Weapon.cs
  artifactKey: Guid(ad0650196ed01c74d91d930d2969f9b0) Importer(815301076,1909f56bfc062723c751e8b465ee728b)
Start importing Assets/Scripts/Equips/Weapon.cs using Guid(ad0650196ed01c74d91d930d2969f9b0) Importer(815301076,1909f56bfc062723c751e8b465ee728b)  -> (artifact id: '8ac50bf9fba073eeb3b33d37276d205b') in 0.006609 seconds
  Import took 0.008636 seconds .

========================================================================
Received Prepare
Registering precompiled user dll's ...
Registered in 0.000361 seconds.
Begin MonoManager ReloadAssembly
Native extension for WindowsStandalone target not found
Refreshing native plugins compatible for Editor in 0.19 ms, found 0 plugins.
Preloading 0 native plugins for Editor in 0.00 ms.
Invoked RoslynAnalysisRunner static constructor.
RoslynAnalysisRunner will not be running.
RoslynAnalysisRunner has terminated.
Mono: successfully reloaded assembly
- Completed reload, in  0.577 seconds
Platform modules already initialized, skipping
Refreshing native plugins compatible for Editor in 0.21 ms, found 0 plugins.
Preloading 0 native plugins for Editor in 0.00 ms.
Unloading 1098 Unused Serialized files (Serialized files now loaded: 0)
System memory in use before: 77.3 MB.
System memory in use after: 77.3 MB.

Unloading 5 unused Assets to reduce memory usage. Loaded Objects now: 1573.
Total: 1.653800 ms (FindLiveObjects: 0.132100 ms CreateObjectMapping: 0.023700 ms MarkObjects: 1.406100 ms  DeleteObjects: 0.090700 ms)

========================================================================
Received Prepare
Registering precompiled user dll's ...
Registered in 0.000370 seconds.
Begin MonoManager ReloadAssembly
Native extension for WindowsStandalone target not found
Refreshing native plugins compatible for Editor in 0.20 ms, found 0 plugins.
Preloading 0 native plugins for Editor in 0.00 ms.
Invoked RoslynAnalysisRunner static constructor.
RoslynAnalysisRunner will not be running.
RoslynAnalysisRunner has terminated.
Mono: successfully reloaded assembly
- Completed reload, in  0.568 seconds
Platform modules already initialized, skipping
Refreshing native plugins compatible for Editor in 0.19 ms, found 0 plugins.
Preloading 0 native plugins for Editor in 0.00 ms.
Unloading 1098 Unused Serialized files (Serialized files now loaded: 0)
System memory in use before: 77.6 MB.
System memory in use after: 77.7 MB.

Unloading 5 unused Assets to reduce memory usage. Loaded Objects now: 1575.
Total: 1.496100 ms (FindLiveObjects: 0.132800 ms CreateObjectMapping: 0.024200 ms MarkObjects: 1.268200 ms  DeleteObjects: 0.070300 ms)

========================================================================
Received Import Request.
  Time since last request: 1671.427542 seconds.
  path: Assets/Scripts/Equips/Spell.cs
  artifactKey: Guid(abee66e8c58406148bab194725588f13) Importer(815301076,1909f56bfc062723c751e8b465ee728b)
Start importing Assets/Scripts/Equips/Spell.cs using Guid(abee66e8c58406148bab194725588f13) Importer(815301076,1909f56bfc062723c751e8b465ee728b)  -> (artifact id: '76cd3c3ed03def0055d96a0afbd64d59') in 0.003204 seconds
  Import took 0.004836 seconds .

========================================================================
Received Prepare
Registering precompiled user dll's ...
Registered in 0.000360 seconds.
Begin MonoManager ReloadAssembly
Native extension for WindowsStandalone target not found
Refreshing native plugins compatible for Editor in 0.21 ms, found 0 plugins.
Preloading 0 native plugins for Editor in 0.00 ms.
Invoked RoslynAnalysisRunner static constructor.
RoslynAnalysisRunner will not be running.
RoslynAnalysisRunner has terminated.
Mono: successfully reloaded assembly
- Completed reload, in  0.569 seconds
Platform modules already initialized, skipping
Refreshing native plugins compatible for Editor in 0.20 ms, found 0 plugins.
Preloading 0 native plugins for Editor in 0.00 ms.
Unloading 1098 Unused Serialized files (Serialized files now loaded: 0)
System memory in use before: 77.1 MB.
System memory in use after: 77.2 MB.

Unloading 5 unused Assets to reduce memory usage. Loaded Objects now: 1577.
Total: 1.518200 ms (FindLiveObjects: 0.130800 ms CreateObjectMapping: 0.023600 ms MarkObjects: 1.286600 ms  DeleteObjects: 0.076400 ms)

========================================================================
Received Import Request.
  Time since last request: 213.864065 seconds.
  path: Assets/Scripts/Equips/Weapon.cs
  artifactKey: Guid(ad0650196ed01c74d91d930d2969f9b0) Importer(815301076,1909f56bfc062723c751e8b465ee728b)
Start importing Assets/Scripts/Equips/Weapon.cs using Guid(ad0650196ed01c74d91d930d2969f9b0) Importer(815301076,1909f56bfc062723c751e8b465ee728b)  -> (artifact id: '5c7ae67f23faebf0592eeb42628e5f12') in 0.003130 seconds
  Import took 0.005167 seconds .

========================================================================
Received Import Request.
  Time since last request: 7.822447 seconds.
  path: Assets/Scripts/Equips/Spells/TestSpell.cs
  artifactKey: Guid(d16136bdd6ee4334fa39482748b38da3) Importer(815301076,1909f56bfc062723c751e8b465ee728b)
Start importing Assets/Scripts/Equips/Spells/TestSpell.cs using Guid(d16136bdd6ee4334fa39482748b38da3) Importer(815301076,1909f56bfc062723c751e8b465ee728b)  -> (artifact id: '3d017eb4a167482000363a05703c857a') in 0.005109 seconds
  Import took 0.006986 seconds .

========================================================================
Received Prepare
Registering precompiled user dll's ...
Registered in 0.000374 seconds.
Begin MonoManager ReloadAssembly
Native extension for WindowsStandalone target not found
Refreshing native plugins compatible for Editor in 0.21 ms, found 0 plugins.
Preloading 0 native plugins for Editor in 0.00 ms.
Invoked RoslynAnalysisRunner static constructor.
RoslynAnalysisRunner will not be running.
RoslynAnalysisRunner has terminated.
Mono: successfully reloaded assembly
- Completed reload, in  0.564 seconds
Platform modules already initialized, skipping
Refreshing native plugins compatible for Editor in 0.20 ms, found 0 plugins.
Preloading 0 native plugins for Editor in 0.00 ms.
Unloading 1099 Unused Serialized files (Serialized files now loaded: 0)
System memory in use before: 77.5 MB.
System memory in use after: 77.6 MB.

Unloading 5 unused Assets to reduce memory usage. Loaded Objects now: 1580.
Total: 1.603200 ms (FindLiveObjects: 0.134200 ms CreateObjectMapping: 0.023700 ms MarkObjects: 1.377400 ms  DeleteObjects: 0.067100 ms)

========================================================================
Received Import Request.
  Time since last request: 5.666400 seconds.
  path: Assets/Scripts/Equips/Spells/DevSpell.cs
  artifactKey: Guid(d16136bdd6ee4334fa39482748b38da3) Importer(815301076,1909f56bfc062723c751e8b465ee728b)
Start importing Assets/Scripts/Equips/Spells/DevSpell.cs using Guid(d16136bdd6ee4334fa39482748b38da3) Importer(815301076,1909f56bfc062723c751e8b465ee728b)  -> (artifact id: '52dd5879546c0dc4167fd161dbc4c28f') in 0.006925 seconds
  Import took 0.009199 seconds .

========================================================================
Received Prepare
Registering precompiled user dll's ...
Registered in 0.000353 seconds.
Begin MonoManager ReloadAssembly
Native extension for WindowsStandalone target not found
Refreshing native plugins compatible for Editor in 0.20 ms, found 0 plugins.
Preloading 0 native plugins for Editor in 0.00 ms.
Invoked RoslynAnalysisRunner static constructor.
RoslynAnalysisRunner will not be running.
RoslynAnalysisRunner has terminated.
Mono: successfully reloaded assembly
- Completed reload, in  0.576 seconds
Platform modules already initialized, skipping
Refreshing native plugins compatible for Editor in 0.22 ms, found 0 plugins.
Preloading 0 native plugins for Editor in 0.00 ms.
Unloading 1099 Unused Serialized files (Serialized files now loaded: 0)
System memory in use before: 77.7 MB.
System memory in use after: 77.7 MB.

Unloading 5 unused Assets to reduce memory usage. Loaded Objects now: 1582.
Total: 1.405400 ms (FindLiveObjects: 0.142700 ms CreateObjectMapping: 0.024400 ms MarkObjects: 1.167400 ms  DeleteObjects: 0.070200 ms)

